[2025-10-16 03:57:52] [INFO] Initializing financial system directories...
[2025-10-16 03:57:52] [SUCCESS] Created directory: C:\Users\svenk\OneDrive\All_My_Projects\New folder\financial\transactions
[2025-10-16 03:57:52] [SUCCESS] Created directory: C:\Users\svenk\OneDrive\All_My_Projects\New folder\financial\transactions\2025\Q4\october
[2025-10-16 03:57:52] [SUCCESS] Created directory: C:\Users\svenk\OneDrive\All_My_Projects\New folder\financial\transactions\income
[2025-10-16 03:57:52] [SUCCESS] Created directory: C:\Users\svenk\OneDrive\All_My_Projects\New folder\financial\transactions\expenses
[2025-10-16 03:57:52] [SUCCESS] Created directory: C:\Users\svenk\OneDrive\All_My_Projects\New folder\financial\invoices
[2025-10-16 03:57:52] [SUCCESS] Created directory: C:\Users\svenk\OneDrive\All_My_Projects\New folder\financial\invoices\2025
[2025-10-16 03:57:52] [SUCCESS] Created directory: C:\Users\svenk\OneDrive\All_My_Projects\New folder\financial\receipts
[2025-10-16 03:57:52] [SUCCESS] Created directory: C:\Users\svenk\OneDrive\All_My_Projects\New folder\financial\receipts\2025
[2025-10-16 03:57:52] [SUCCESS] Created directory: C:\Users\svenk\OneDrive\All_My_Projects\New folder\financial\tax-reports
[2025-10-16 03:57:52] [SUCCESS] Created directory: C:\Users\svenk\OneDrive\All_My_Projects\New folder\financial\tax-reports\2025\monthly
[2025-10-16 03:57:52] [SUCCESS] Created directory: C:\Users\svenk\OneDrive\All_My_Projects\New folder\financial\tax-reports\2025\quarterly
[2025-10-16 03:57:52] [SUCCESS] Created directory: C:\Users\svenk\OneDrive\All_My_Projects\New folder\financial\tax-reports\2025\annual
[2025-10-16 03:57:52] [SUCCESS] Created directory: C:\Users\svenk\OneDrive\All_My_Projects\New folder\financial\audit-trails
[2025-10-16 03:57:52] [INFO] Deploying automated revenue generation streams...
[2025-10-16 03:57:52] [INFO] Deploying Cloud Services Resale...
[2025-10-16 03:57:52] [INFO]   - Offering managed cloud infrastructure
[2025-10-16 03:57:52] [REVENUE]   - Potential: EUR 5,000-15,000/month
[2025-10-16 03:57:52] [INFO] Deploying AI Services & Automation...
[2025-10-16 03:57:52] [INFO]   - AI agent development services
[2025-10-16 03:57:52] [INFO]   - Process automation consulting
[2025-10-16 03:57:52] [REVENUE]   - Potential: EUR 3,000-10,000/month
[2025-10-16 03:57:52] [INFO] Deploying Digital Products Marketplace...
[2025-10-16 03:57:52] [INFO]   - PowerShell scripts on Gumroad
[2025-10-16 03:57:52] [INFO]   - AI templates on GitHub
[2025-10-16 03:57:52] [REVENUE]   - Potential: EUR 1,000-5,000/month
[2025-10-16 03:57:52] [INFO] Deploying Affiliate Marketing...
[2025-10-16 03:57:52] [INFO]   - AWS Partner Network (10% commission)
[2025-10-16 03:57:52] [INFO]   - DigitalOcean referrals (EUR 25 each)
[2025-10-16 03:57:52] [REVENUE]   - Potential: EUR 500-2,000/month
[2025-10-16 03:57:52] [INFO] Deploying Open Source Sponsorship...
[2025-10-16 03:57:52] [INFO]   - GitHub Sponsors setup
[2025-10-16 03:57:52] [INFO]   - Patreon creator account
[2025-10-16 03:57:52] [REVENUE]   - Potential: EUR 200-1,000/month
[2025-10-16 03:57:52] [INFO] Deploying Content Creation...
[2025-10-16 03:57:52] [INFO]   - Medium Partner Program
[2025-10-16 03:57:52] [INFO]   - YouTube automation tutorials
[2025-10-16 03:57:52] [REVENUE]   - Potential: EUR 300-2,000/month
[2025-10-16 03:57:52] [INFO] Deploying Freelance Consulting...
[2025-10-16 03:57:52] [INFO]   - Upwork profile (PowerShell expert)
[2025-10-16 03:57:52] [INFO]   - Toptal application (cloud architect)
[2025-10-16 03:57:52] [INFO]   - Rate: EUR 80-200/hour
[2025-10-16 03:57:52] [REVENUE]   - Potential: EUR 2,000-8,000/month (10-20 hrs/week)
[2025-10-16 03:57:52] [SUCCESS] 
Deployment Complete!
[2025-10-16 03:57:52] [SUCCESS] Streams Deployed: 7
[2025-10-16 03:57:52] [REVENUE] Potential Monthly Revenue: EUR 12000 - 43000
[2025-10-16 03:57:52] [INFO] Report saved to: C:\Users\svenk\OneDrive\All_My_Projects\New folder\financial\audit-trails\revenue-deployment-20251016-035752.json
[2025-10-16 03:57:59] [INFO] Initializing financial system directories...
[2025-10-16 03:57:59] [REVENUE] Invoice generated: INV-2025-10-16-035759 for EUR 1020.0
[2025-10-16 03:57:59] [SUCCESS] Saved to: C:\Users\svenk\OneDrive\All_My_Projects\New folder\financial\invoices\2025\INV-2025-10-16-035759.txt
[2025-10-16 03:58:04] [INFO] Initializing financial system directories...
