[2025-10-16 04:18:53] [INFO] Deploying revenue integration system...
[2025-10-16 04:18:54] [SUCCESS] âœ… AI Team Orchestrator found
[2025-10-16 04:18:54] [SUCCESS] âœ… Revenue Generator found
[2025-10-16 04:18:54] [INFO] Deploying revenue stream mappings...
[2025-10-16 04:18:54] [SUCCESS]   âœ… Freelance Consulting â†’ ConsultingDelivery Team
[2025-10-16 04:18:54] [SUCCESS]   âœ… Digital Products â†’ DigitalProduct Team
[2025-10-16 04:18:54] [SUCCESS]   âœ… Open Source Sponsorship â†’ AIDevelopment Team
[2025-10-16 04:18:54] [SUCCESS]   âœ… Cloud Services Resale â†’ AutomationEngineering Team
[2025-10-16 04:18:54] [SUCCESS]   âœ… Affiliate Marketing â†’ ContentCreation Team
[2025-10-16 04:18:54] [SUCCESS]   âœ… Content Creation â†’ ContentCreation Team
[2025-10-16 04:18:54] [SUCCESS]   âœ… AI Services & Automation â†’ AIDevelopment Team
[2025-10-16 04:18:54] [INFO] 
Activating revenue monitoring...
[2025-10-16 04:18:54] [REVENUE] Starting revenue stream monitoring...
[2025-10-16 04:18:54] [INFO] Monitoring: Freelance Consulting
[2025-10-16 04:18:54] [INFO]   Primary Team: ConsultingDelivery
[2025-10-16 04:18:54] [INFO]   Expected Revenue: â‚¬2000-8000/month
[2025-10-16 04:18:54] [INFO] Monitoring: Digital Products
[2025-10-16 04:18:54] [INFO]   Primary Team: DigitalProduct
[2025-10-16 04:18:54] [INFO]   Expected Revenue: â‚¬1000-5000/month
[2025-10-16 04:18:54] [INFO] Monitoring: Open Source Sponsorship
[2025-10-16 04:18:54] [INFO]   Primary Team: AIDevelopment
[2025-10-16 04:18:54] [INFO]   Expected Revenue: â‚¬200-1000/month
[2025-10-16 04:18:54] [INFO] Monitoring: Cloud Services Resale
[2025-10-16 04:18:54] [INFO]   Primary Team: AutomationEngineering
[2025-10-16 04:18:54] [INFO]   Expected Revenue: â‚¬5000-15000/month
[2025-10-16 04:18:54] [INFO] Monitoring: Affiliate Marketing
[2025-10-16 04:18:54] [INFO]   Primary Team: ContentCreation
[2025-10-16 04:18:54] [INFO]   Expected Revenue: â‚¬500-2000/month
[2025-10-16 04:18:54] [INFO] Monitoring: Content Creation
[2025-10-16 04:18:54] [INFO]   Primary Team: ContentCreation
[2025-10-16 04:18:54] [INFO]   Expected Revenue: â‚¬300-2000/month
[2025-10-16 04:18:54] [INFO] Monitoring: AI Services & Automation
[2025-10-16 04:18:54] [INFO]   Primary Team: AIDevelopment
[2025-10-16 04:18:54] [INFO]   Expected Revenue: â‚¬3000-10000/month
[2025-10-16 04:18:54] [SUCCESS] 
âœ… Monitoring active for 7 revenue streams
[2025-10-16 04:18:54] [REVENUE]    Average monthly potential: â‚¬27 500
[2025-10-16 04:19:40] [INFO] Analyzing AI team utilization...
