[2025-10-16 00:31:11] [Workspace Discovery Engine] [Info] Scanning workspace for optimization opportunities...
[2025-10-16 00:31:11] [Workspace Discovery Engine] [Info] Found ceremony: 01-foundation - Initialize-Foundation.ps1
[2025-10-16 00:31:11] [Workspace Discovery Engine] [Info] Found ceremony: 05-developer-cockpit - Setup-DeveloperEnvironment.ps1
[2025-10-16 00:31:11] [Workspace Discovery Engine] [Info] Found ceremony: 09-iso-build - Build-CustomISO.ps1
[2025-10-16 00:31:11] [Workspace Discovery Engine] [Info] Found ceremony: 10-final-setup - Install-CompleteDeveloperStack.ps1
[2025-10-16 00:31:11] [Workspace Discovery Engine] [Evidence] Discovered 4 ceremony scripts
[2025-10-16 00:31:11] [Workspace Discovery Engine] [Evidence] Discovered 15 agent scripts across 7 agent types
[2025-10-16 00:31:26] [Workspace Discovery Engine] [Info] Scanning workspace for optimization opportunities...
[2025-10-16 00:31:26] [Workspace Discovery Engine] [Info] Found ceremony: 01-foundation - Initialize-Foundation.ps1
[2025-10-16 00:31:26] [Workspace Discovery Engine] [Info] Found ceremony: 05-developer-cockpit - Setup-DeveloperEnvironment.ps1
[2025-10-16 00:31:26] [Workspace Discovery Engine] [Info] Found ceremony: 09-iso-build - Build-CustomISO.ps1
[2025-10-16 00:31:26] [Workspace Discovery Engine] [Info] Found ceremony: 10-final-setup - Install-CompleteDeveloperStack.ps1
[2025-10-16 00:31:26] [Workspace Discovery Engine] [Evidence] Discovered 4 ceremony scripts
[2025-10-16 00:31:43] [Workspace Discovery Engine] [Info] Scanning workspace for optimization opportunities...
[2025-10-16 00:31:44] [Workspace Discovery Engine] [Info] Found ceremony: 01-foundation - Initialize-Foundation.ps1
[2025-10-16 00:31:44] [Workspace Discovery Engine] [Info] Found ceremony: 05-developer-cockpit - Setup-DeveloperEnvironment.ps1
[2025-10-16 00:31:44] [Workspace Discovery Engine] [Info] Found ceremony: 09-iso-build - Build-CustomISO.ps1
[2025-10-16 00:31:44] [Workspace Discovery Engine] [Info] Found ceremony: 10-final-setup - Install-CompleteDeveloperStack.ps1
[2025-10-16 00:31:44] [Workspace Discovery Engine] [Evidence] Discovered 4 ceremony scripts
[2025-10-16 00:31:44] [Workspace Discovery Engine] [Evidence] Discovered 15 agent scripts across 7 agent types
[2025-10-16 00:31:44] [Workspace Discovery Engine] [Evidence] Discovered 25 automation scripts
[2025-10-16 00:31:44] [Workspace Discovery Engine] [Evidence] VS Code: 7 tasks configured
[2025-10-16 00:31:44] [Workspace Discovery Engine] [Success] Generated optimization report: 44 total assets discovered
[2025-10-16 00:31:44] [Integration Optimizer] [Info] Beginning workspace optimization...
[2025-10-16 00:31:44] [Integration Optimizer] [Success] Analyzed 4 ceremonies for optimization
[2025-10-16 00:31:44] [Integration Optimizer] [Success] Agent optimization strategy created for 15 agents
[2025-10-16 00:31:44] [Integration Optimizer] [Success] Automation optimization plan created for 25 scripts
[2025-10-16 00:31:44] [Integration Optimizer] [Evidence] Optimization evidence generated
[2025-10-16 00:31:44] [Unified Orchestrator] [Info] Integrating AI Teams with workspace systems...
[2025-10-16 00:31:44] [Unified Orchestrator] [Success] TaskOrchestration -> Coordinates ceremony sequences
[2025-10-16 00:31:44] [Unified Orchestrator] [Success] ResourceOptimization -> Optimizes ceremony execution performance
[2025-10-16 00:31:44] [Unified Orchestrator] [Success] ConfigurationManagement -> Maintains ceremony configurations
[2025-10-16 00:31:44] [Unified Orchestrator] [Success] AITeamManagement -> Manages all VS Code extensions and settings
[2025-10-16 00:31:44] [Unified Orchestrator] [Evidence] AI Teams now orchestrating: Civic Agent, Build Agent, Master Orchestrator, Driver Agent, Factory Agent, Audit Agent
[2025-10-16 00:31:44] [Unified Orchestrator] [Evidence] AI Teams integrated with ISO Build system (09-iso-build ceremony)
[2025-10-16 00:31:44] [Unified Orchestrator] [Evidence] AI Teams managing 7 VS Code tasks
[2025-10-16 00:31:44] [Unified Orchestrator] [Evidence] Governance framework applied with multi-sig and evidence bundles
[2025-10-16 00:31:45] [Unified Orchestrator] [Evidence] Comprehensive evidence bundle generated and signed
[2025-10-16 03:13:09] [Workspace Discovery Engine] [Info] Scanning workspace for optimization opportunities...
[2025-10-16 03:13:09] [Workspace Discovery Engine] [Info] Found ceremony: 01-foundation - Initialize-Foundation.ps1
[2025-10-16 03:13:09] [Workspace Discovery Engine] [Info] Found ceremony: 05-developer-cockpit - Setup-DeveloperEnvironment.ps1
[2025-10-16 03:13:09] [Workspace Discovery Engine] [Info] Found ceremony: 09-iso-build - Build-CustomISO.ps1
[2025-10-16 03:13:09] [Workspace Discovery Engine] [Info] Found ceremony: 10-final-setup - Install-CompleteDeveloperStack.ps1
[2025-10-16 03:13:09] [Workspace Discovery Engine] [Evidence] Discovered 4 ceremony scripts
[2025-10-16 03:13:09] [Workspace Discovery Engine] [Evidence] Discovered 15 agent scripts across 7 agent types
[2025-10-16 03:13:09] [Workspace Discovery Engine] [Evidence] Discovered 25 automation scripts
[2025-10-16 03:13:09] [Workspace Discovery Engine] [Evidence] VS Code: 7 tasks configured
[2025-10-16 03:13:09] [Workspace Discovery Engine] [Success] Generated optimization report: 44 total assets discovered
[2025-10-16 03:13:09] [Integration Optimizer] [Info] Beginning workspace optimization...
[2025-10-16 03:13:09] [Integration Optimizer] [Success] Analyzed 4 ceremonies for optimization
[2025-10-16 03:13:09] [Integration Optimizer] [Success] Agent optimization strategy created for 15 agents
[2025-10-16 03:13:09] [Integration Optimizer] [Success] Automation optimization plan created for 25 scripts
[2025-10-16 03:13:09] [Integration Optimizer] [Evidence] Optimization evidence generated
[2025-10-16 03:13:10] [Unified Orchestrator] [Info] Integrating AI Teams with workspace systems...
[2025-10-16 03:13:10] [Unified Orchestrator] [Success] TaskOrchestration -> Coordinates ceremony sequences
[2025-10-16 03:13:10] [Unified Orchestrator] [Success] ResourceOptimization -> Optimizes ceremony execution performance
[2025-10-16 03:13:10] [Unified Orchestrator] [Success] ConfigurationManagement -> Maintains ceremony configurations
[2025-10-16 03:13:10] [Unified Orchestrator] [Success] AITeamManagement -> Manages all VS Code extensions and settings
[2025-10-16 03:13:10] [Unified Orchestrator] [Evidence] AI Teams now orchestrating: Civic Agent, Build Agent, Master Orchestrator, Driver Agent, Factory Agent, Audit Agent
[2025-10-16 03:13:10] [Unified Orchestrator] [Evidence] AI Teams integrated with ISO Build system (09-iso-build ceremony)
[2025-10-16 03:13:10] [Unified Orchestrator] [Evidence] AI Teams managing 7 VS Code tasks
[2025-10-16 03:13:10] [Unified Orchestrator] [Evidence] Governance framework applied with multi-sig and evidence bundles
[2025-10-16 03:13:10] [Unified Orchestrator] [Evidence] Comprehensive evidence bundle generated and signed
[2025-10-16 03:25:45] [Workspace Discovery Engine] [Info] Scanning workspace for optimization opportunities...
[2025-10-16 03:25:45] [Workspace Discovery Engine] [Info] Found ceremony: 01-foundation - Initialize-Foundation.ps1
[2025-10-16 03:25:45] [Workspace Discovery Engine] [Info] Found ceremony: 05-developer-cockpit - Setup-DeveloperEnvironment.ps1
[2025-10-16 03:25:45] [Workspace Discovery Engine] [Info] Found ceremony: 09-iso-build - Build-CustomISO.ps1
[2025-10-16 03:25:45] [Workspace Discovery Engine] [Info] Found ceremony: 10-final-setup - Install-CompleteDeveloperStack.ps1
[2025-10-16 03:25:45] [Workspace Discovery Engine] [Evidence] Discovered 4 ceremony scripts
[2025-10-16 03:25:45] [Workspace Discovery Engine] [Evidence] Discovered 15 agent scripts across 7 agent types
[2025-10-16 03:25:45] [Workspace Discovery Engine] [Evidence] Discovered 25 automation scripts
[2025-10-16 03:25:45] [Workspace Discovery Engine] [Evidence] VS Code: 7 tasks configured
[2025-10-16 03:25:45] [Workspace Discovery Engine] [Success] Generated optimization report: 44 total assets discovered
[2025-10-16 03:25:45] [Integration Optimizer] [Info] Beginning workspace optimization...
[2025-10-16 03:25:45] [Integration Optimizer] [Success] Analyzed 4 ceremonies for optimization
[2025-10-16 03:25:45] [Integration Optimizer] [Success] Agent optimization strategy created for 15 agents
[2025-10-16 03:25:45] [Integration Optimizer] [Success] Automation optimization plan created for 25 scripts
[2025-10-16 03:25:45] [Integration Optimizer] [Evidence] Optimization evidence generated
[2025-10-16 03:25:45] [Unified Orchestrator] [Info] Integrating AI Teams with workspace systems...
[2025-10-16 03:25:45] [Unified Orchestrator] [Success] TaskOrchestration -> Coordinates ceremony sequences
[2025-10-16 03:25:45] [Unified Orchestrator] [Success] ResourceOptimization -> Optimizes ceremony execution performance
[2025-10-16 03:25:45] [Unified Orchestrator] [Success] ConfigurationManagement -> Maintains ceremony configurations
[2025-10-16 03:25:45] [Unified Orchestrator] [Success] AITeamManagement -> Manages all VS Code extensions and settings
[2025-10-16 03:25:45] [Unified Orchestrator] [Evidence] AI Teams now orchestrating: Civic Agent, Build Agent, Master Orchestrator, Driver Agent, Factory Agent, Audit Agent
[2025-10-16 03:25:45] [Unified Orchestrator] [Evidence] AI Teams integrated with ISO Build system (09-iso-build ceremony)
[2025-10-16 03:25:45] [Unified Orchestrator] [Evidence] AI Teams managing 7 VS Code tasks
[2025-10-16 03:25:45] [Unified Orchestrator] [Evidence] Governance framework applied with multi-sig and evidence bundles
[2025-10-16 03:25:45] [Unified Orchestrator] [Evidence] Comprehensive evidence bundle generated and signed
